  CacnelUI.c
c:\users\friend\github\skku_algo_final\cacnelui.c(11): warning C4996: 'scanf': This function or variable may be unsafe. Consider using scanf_s instead. To disable deprecation, use _CRT_SECURE_NO_WARNINGS. See online help for details.
  c:\program files (x86)\windows kits\10\include\10.0.16299.0\ucrt\stdio.h(1272): note: 'scanf' 선언을 참조하십시오.
c:\users\friend\github\skku_algo_final\cacnelui.c(24): warning C4996: 'scanf': This function or variable may be unsafe. Consider using scanf_s instead. To disable deprecation, use _CRT_SECURE_NO_WARNINGS. See online help for details.
  c:\program files (x86)\windows kits\10\include\10.0.16299.0\ucrt\stdio.h(1272): note: 'scanf' 선언을 참조하십시오.
c:\users\friend\github\skku_algo_final\cacnelui.c(15): warning C4101: 'nKey' :참조되지 않은 지역 변수입니다.
c:\users\friend\github\skku_algo_final\cacnelui.c(16): warning C4101: 'MoveBar' :참조되지 않은 지역 변수입니다.
  CheckAllUI.c
  CheckUI.c
c:\users\friend\github\skku_algo_final\checkui.c(12): warning C4996: 'scanf': This function or variable may be unsafe. Consider using scanf_s instead. To disable deprecation, use _CRT_SECURE_NO_WARNINGS. See online help for details.
  c:\program files (x86)\windows kits\10\include\10.0.16299.0\ucrt\stdio.h(1272): note: 'scanf' 선언을 참조하십시오.
c:\users\friend\github\skku_algo_final\checkui.c(16): warning C4101: 'nKey' :참조되지 않은 지역 변수입니다.
c:\users\friend\github\skku_algo_final\checkui.c(17): warning C4101: 'MoveBar' :참조되지 않은 지역 변수입니다.
  Dummy.c
c:\users\friend\github\skku_algo_final\dummy.c(23): warning C4996: 'strcpy': This function or variable may be unsafe. Consider using strcpy_s instead. To disable deprecation, use _CRT_SECURE_NO_WARNINGS. See online help for details.
  c:\program files (x86)\windows kits\10\include\10.0.16299.0\ucrt\string.h(132): note: 'strcpy' 선언을 참조하십시오.
c:\users\friend\github\skku_algo_final\dummy.c(37): warning C4996: 'strcpy': This function or variable may be unsafe. Consider using strcpy_s instead. To disable deprecation, use _CRT_SECURE_NO_WARNINGS. See online help for details.
  c:\program files (x86)\windows kits\10\include\10.0.16299.0\ucrt\string.h(132): note: 'strcpy' 선언을 참조하십시오.
c:\users\friend\github\skku_algo_final\dummy.c(50): warning C4996: 'strcpy': This function or variable may be unsafe. Consider using strcpy_s instead. To disable deprecation, use _CRT_SECURE_NO_WARNINGS. See online help for details.
  c:\program files (x86)\windows kits\10\include\10.0.16299.0\ucrt\string.h(132): note: 'strcpy' 선언을 참조하십시오.
c:\users\friend\github\skku_algo_final\dummy.c(64): warning C4996: 'strcpy': This function or variable may be unsafe. Consider using strcpy_s instead. To disable deprecation, use _CRT_SECURE_NO_WARNINGS. See online help for details.
  c:\program files (x86)\windows kits\10\include\10.0.16299.0\ucrt\string.h(132): note: 'strcpy' 선언을 참조하십시오.
  Graph.c
c:\users\friend\github\skku_algo_final\graph.c(17): warning C4244: '함수': 'time_t'에서 'unsigned int'(으)로 변환하면서 데이터가 손실될 수 있습니다.
c:\users\friend\github\skku_algo_final\graph.c(69): warning C4244: '함수': 'time_t'에서 'unsigned int'(으)로 변환하면서 데이터가 손실될 수 있습니다.
c:\users\friend\github\skku_algo_final\graph.c(200): warning C4101: 'Tdest' :참조되지 않은 지역 변수입니다.
c:\users\friend\github\skku_algo_final\graph.c(182): warning C4101: 'targetWeight' :참조되지 않은 지역 변수입니다.
c:\users\friend\github\skku_algo_final\graph.c(150): warning C4101: 'weight' :참조되지 않은 지역 변수입니다.
  HotelSiteMatch.c
c:\users\friend\github\skku_algo_final\hotelsitematch.c(20): warning C4020: 'HS_SATISFACTION': 실제 매개 변수가 너무 많습니다.
c:\users\friend\github\skku_algo_final\hotelsitematch.c(29): warning C4020: 'HS_SATISFACTION': 실제 매개 변수가 너무 많습니다.
c:\users\friend\github\skku_algo_final\hotelsitematch.c(54): warning C4029: 선언된 정식 매개 변수 목록이 정의와 다릅니다.
  main.c
  MainUI.c
  HT_RBT.c
  ReservationUI.c
c:\users\friend\github\skku_algo_final\reservationui.c(83): warning C4996: 'scanf': This function or variable may be unsafe. Consider using scanf_s instead. To disable deprecation, use _CRT_SECURE_NO_WARNINGS. See online help for details.
  c:\program files (x86)\windows kits\10\include\10.0.16299.0\ucrt\stdio.h(1272): note: 'scanf' 선언을 참조하십시오.
c:\users\friend\github\skku_algo_final\reservationui.c(105): warning C4133: '함수': 'int *'과(와) 'char *' 사이의 형식이 호환되지 않습니다.
c:\users\friend\github\skku_algo_final\reservationui.c(132): warning C4028: 정식 매개 변수 1이(가) 선언과 다릅니다.
c:\users\friend\github\skku_algo_final\reservationui.c(132): warning C4028: 정식 매개 변수 2이(가) 선언과 다릅니다.
c:\users\friend\github\skku_algo_final\reservationui.c(133): warning C4996: 'strtok': This function or variable may be unsafe. Consider using strtok_s instead. To disable deprecation, use _CRT_SECURE_NO_WARNINGS. See online help for details.
  c:\program files (x86)\windows kits\10\include\10.0.16299.0\ucrt\string.h(439): note: 'strtok' 선언을 참조하십시오.
c:\users\friend\github\skku_algo_final\reservationui.c(134): warning C4996: 'scanf': This function or variable may be unsafe. Consider using scanf_s instead. To disable deprecation, use _CRT_SECURE_NO_WARNINGS. See online help for details.
  c:\program files (x86)\windows kits\10\include\10.0.16299.0\ucrt\stdio.h(1272): note: 'scanf' 선언을 참조하십시오.
c:\users\friend\github\skku_algo_final\reservationui.c(135): warning C4996: 'scanf': This function or variable may be unsafe. Consider using scanf_s instead. To disable deprecation, use _CRT_SECURE_NO_WARNINGS. See online help for details.
  c:\program files (x86)\windows kits\10\include\10.0.16299.0\ucrt\stdio.h(1272): note: 'scanf' 선언을 참조하십시오.
c:\users\friend\github\skku_algo_final\reservationui.c(136): warning C4996: 'scanf': This function or variable may be unsafe. Consider using scanf_s instead. To disable deprecation, use _CRT_SECURE_NO_WARNINGS. See online help for details.
  c:\program files (x86)\windows kits\10\include\10.0.16299.0\ucrt\stdio.h(1272): note: 'scanf' 선언을 참조하십시오.
c:\users\friend\github\skku_algo_final\reservationui.c(138): warning C4996: 'scanf': This function or variable may be unsafe. Consider using scanf_s instead. To disable deprecation, use _CRT_SECURE_NO_WARNINGS. See online help for details.
  c:\program files (x86)\windows kits\10\include\10.0.16299.0\ucrt\stdio.h(1272): note: 'scanf' 선언을 참조하십시오.
  RSV_RBT.c
c:\users\friend\github\skku_algo_final\rsv_rbt.c(13): warning C4996: 'strcpy': This function or variable may be unsafe. Consider using strcpy_s instead. To disable deprecation, use _CRT_SECURE_NO_WARNINGS. See online help for details.
  c:\program files (x86)\windows kits\10\include\10.0.16299.0\ucrt\string.h(132): note: 'strcpy' 선언을 참조하십시오.
  Screen.c
  코드를 생성하고 있습니다...
  Project1.vcxproj -> C:\Users\friend\GitHub\SKKU_ALGO_FINAL\Debug\Project1.exe
